Compilación iniciada a las 09/12/2015 05:08:43 p.m..
     1>Proyecto "C:\Users\JONEL 1\Desktop\Nueva carpeta\juegofinal\juegofinal\juegofinal.vcxproj" en el nodo 2 (Build destinos).
     1>ClCompile:
         C:\Program Files (x86)\Microsoft Visual Studio 12.0\VC\bin\CL.exe /c /AI"C:\Program Files (x86)\Reference Assemblies\Microsoft\Framework\.NETFramework\v4.5\\" /AI"C:\Program Files (x86)\Windows Kits\8.1\References\CommonConfiguration\Neutral" /AI"C:\Program Files (x86)\Reference Assemblies\Microsoft\Framework\.NETFramework\v4.5\Facades\\" /Zi /clr /nologo /W3 /WX- /Od /Oy- /D WIN32 /D _DEBUG /D _UNICODE /D UNICODE /EHa /MDd /GS /fp:precise /Zc:wchar_t /Zc:forScope /Yc"stdafx.h" /Fp"Debug\juegofinal.pch" /Fo"Debug\\" /Fd"Debug\vc120.pdb" /TP /FU"C:\Program Files (x86)\Reference Assemblies\Microsoft\Framework\.NETFramework\v4.5\mscorlib.dll" /FU"C:\Program Files (x86)\Reference Assemblies\Microsoft\Framework\.NETFramework\v4.5\System.Data.dll" /FU"C:\Program Files (x86)\Reference Assemblies\Microsoft\Framework\.NETFramework\v4.5\System.dll" /FU"C:\Program Files (x86)\Reference Assemblies\Microsoft\Framework\.NETFramework\v4.5\System.Xml.dll" /analyze- /errorReport:prompt /clr:nostdlib stdafx.cpp
         stdafx.cpp
         C:\Program Files (x86)\Microsoft Visual Studio 12.0\VC\bin\CL.exe /c /AI"C:\Program Files (x86)\Reference Assemblies\Microsoft\Framework\.NETFramework\v4.5\\" /AI"C:\Program Files (x86)\Windows Kits\8.1\References\CommonConfiguration\Neutral" /AI"C:\Program Files (x86)\Reference Assemblies\Microsoft\Framework\.NETFramework\v4.5\Facades\\" /Zi /clr /nologo /W3 /WX- /Od /Oy- /D WIN32 /D _DEBUG /D _UNICODE /D UNICODE /EHa /MDd /GS /fp:precise /Zc:wchar_t /Zc:forScope /Yu"stdafx.h" /Fp"Debug\juegofinal.pch" /Fo"Debug\\" /Fd"Debug\vc120.pdb" /TP /FU"C:\Program Files (x86)\Reference Assemblies\Microsoft\Framework\.NETFramework\v4.5\mscorlib.dll" /FU"C:\Program Files (x86)\Reference Assemblies\Microsoft\Framework\.NETFramework\v4.5\System.Data.dll" /FU"C:\Program Files (x86)\Reference Assemblies\Microsoft\Framework\.NETFramework\v4.5\System.dll" /FU"C:\Program Files (x86)\Reference Assemblies\Microsoft\Framework\.NETFramework\v4.5\System.Xml.dll" /analyze- /errorReport:prompt /clr:nostdlib AssemblyInfo.cpp juegofinal.cpp
         AssemblyInfo.cpp
         juegofinal.cpp
     1>juegofinal.cpp(174): warning C4996: 'getch': The POSIX name for this item is deprecated. Instead, use the ISO C++ conformant name: _getch. See online help for details.
                 C:\Program Files (x86)\Microsoft Visual Studio 12.0\VC\include\conio.h(131) : vea la declaración de 'getch'
     1>juegofinal.cpp(266): warning C4996: '_sleep': This function or variable has been superceded by newer library or operating system functionality. Consider using Sleep instead. See online help for details.
                 C:\Program Files (x86)\Microsoft Visual Studio 12.0\VC\include\stdlib.h(911) : vea la declaración de '_sleep'
     1>juegofinal.cpp(269): warning C4996: '_sleep': This function or variable has been superceded by newer library or operating system functionality. Consider using Sleep instead. See online help for details.
                 C:\Program Files (x86)\Microsoft Visual Studio 12.0\VC\include\stdlib.h(911) : vea la declaración de '_sleep'
     1>juegofinal.cpp(272): warning C4996: '_sleep': This function or variable has been superceded by newer library or operating system functionality. Consider using Sleep instead. See online help for details.
                 C:\Program Files (x86)\Microsoft Visual Studio 12.0\VC\include\stdlib.h(911) : vea la declaración de '_sleep'
     1>juegofinal.cpp(290): warning C4996: 'getch': The POSIX name for this item is deprecated. Instead, use the ISO C++ conformant name: _getch. See online help for details.
                 C:\Program Files (x86)\Microsoft Visual Studio 12.0\VC\include\conio.h(131) : vea la declaración de 'getch'
     1>juegofinal.cpp(289): warning C4101: 'i' : variable local sin referencia
     1>juegofinal.cpp(306): warning C4996: 'getch': The POSIX name for this item is deprecated. Instead, use the ISO C++ conformant name: _getch. See online help for details.
                 C:\Program Files (x86)\Microsoft Visual Studio 12.0\VC\include\conio.h(131) : vea la declaración de 'getch'
     1>juegofinal.cpp(337): warning C4996: '_sleep': This function or variable has been superceded by newer library or operating system functionality. Consider using Sleep instead. See online help for details.
                 C:\Program Files (x86)\Microsoft Visual Studio 12.0\VC\include\stdlib.h(911) : vea la declaración de '_sleep'
     1>juegofinal.cpp(351): warning C4996: '_sleep': This function or variable has been superceded by newer library or operating system functionality. Consider using Sleep instead. See online help for details.
                 C:\Program Files (x86)\Microsoft Visual Studio 12.0\VC\include\stdlib.h(911) : vea la declaración de '_sleep'
     1>juegofinal.cpp(368): warning C4996: '_sleep': This function or variable has been superceded by newer library or operating system functionality. Consider using Sleep instead. See online help for details.
                 C:\Program Files (x86)\Microsoft Visual Studio 12.0\VC\include\stdlib.h(911) : vea la declaración de '_sleep'
     1>juegofinal.cpp(383): warning C4996: '_sleep': This function or variable has been superceded by newer library or operating system functionality. Consider using Sleep instead. See online help for details.
                 C:\Program Files (x86)\Microsoft Visual Studio 12.0\VC\include\stdlib.h(911) : vea la declaración de '_sleep'
     1>juegofinal.cpp(397): warning C4996: '_sleep': This function or variable has been superceded by newer library or operating system functionality. Consider using Sleep instead. See online help for details.
                 C:\Program Files (x86)\Microsoft Visual Studio 12.0\VC\include\stdlib.h(911) : vea la declaración de '_sleep'
     1>juegofinal.cpp(413): warning C4996: '_sleep': This function or variable has been superceded by newer library or operating system functionality. Consider using Sleep instead. See online help for details.
                 C:\Program Files (x86)\Microsoft Visual Studio 12.0\VC\include\stdlib.h(911) : vea la declaración de '_sleep'
     1>juegofinal.cpp(427): warning C4996: '_sleep': This function or variable has been superceded by newer library or operating system functionality. Consider using Sleep instead. See online help for details.
                 C:\Program Files (x86)\Microsoft Visual Studio 12.0\VC\include\stdlib.h(911) : vea la declaración de '_sleep'
     1>juegofinal.cpp(443): warning C4996: '_sleep': This function or variable has been superceded by newer library or operating system functionality. Consider using Sleep instead. See online help for details.
                 C:\Program Files (x86)\Microsoft Visual Studio 12.0\VC\include\stdlib.h(911) : vea la declaración de '_sleep'
     1>juegofinal.cpp(460): warning C4996: 'getch': The POSIX name for this item is deprecated. Instead, use the ISO C++ conformant name: _getch. See online help for details.
                 C:\Program Files (x86)\Microsoft Visual Studio 12.0\VC\include\conio.h(131) : vea la declaración de 'getch'
     1>juegofinal.cpp(611): warning C4996: 'getch': The POSIX name for this item is deprecated. Instead, use the ISO C++ conformant name: _getch. See online help for details.
                 C:\Program Files (x86)\Microsoft Visual Studio 12.0\VC\include\conio.h(131) : vea la declaración de 'getch'
     1>juegofinal.cpp(813): warning C4996: 'getch': The POSIX name for this item is deprecated. Instead, use the ISO C++ conformant name: _getch. See online help for details.
                 C:\Program Files (x86)\Microsoft Visual Studio 12.0\VC\include\conio.h(131) : vea la declaración de 'getch'
         Generando código...
         C:\Program Files (x86)\Microsoft Visual Studio 12.0\VC\bin\CL.exe /c /Zi /clr /nologo /W3 /WX- /Od /Oy- /D WIN32 /D _DEBUG /D _UNICODE /D UNICODE /EHa /MDd /GS /fp:precise /Zc:wchar_t /Zc:forScope /Fo"Debug\\" /Fd"Debug\vc120.pdb" /TP /analyze- /errorReport:prompt "C:\Users\JONEL 1\AppData\Local\Temp\.NETFramework,Version=v4.5.AssemblyAttributes.cpp"
         .NETFramework,Version=v4.5.AssemblyAttributes.cpp
       ResourceCompile:
         C:\Program Files (x86)\Windows Kits\8.1\bin\x86\rc.exe /D _UNICODE /D UNICODE /l"0x0409" /nologo /fo"Debug\app.res" app.rc 
       Link:
         C:\Program Files (x86)\Microsoft Visual Studio 12.0\VC\bin\link.exe /ERRORREPORT:PROMPT /OUT:"C:\Users\JONEL 1\Desktop\Nueva carpeta\juegofinal\Debug\juegofinal.exe" /INCREMENTAL /NOLOGO /MANIFEST /MANIFESTUAC:"level='asInvoker' uiAccess='false'" /manifest:embed /DEBUG /PDB:"C:\Users\JONEL 1\Desktop\Nueva carpeta\juegofinal\Debug\juegofinal.pdb" /ASSEMBLYDEBUG /SUBSYSTEM:CONSOLE /TLBID:1 /DYNAMICBASE /FIXED:NO /NXCOMPAT /MACHINE:X86 Debug\app.res
         Debug\AssemblyInfo.obj
         Debug\juegofinal.obj
         Debug\stdafx.obj
         "Debug\.NETFramework,Version=v4.5.AssemblyAttributes.obj"
         juegofinal.vcxproj -> C:\Users\JONEL 1\Desktop\Nueva carpeta\juegofinal\Debug\juegofinal.exe
     1>Compilación del proyecto terminada "C:\Users\JONEL 1\Desktop\Nueva carpeta\juegofinal\juegofinal\juegofinal.vcxproj" (Build destinos).

Compilación correcta.

Tiempo transcurrido 00:00:05.48
