c:\users\jonel 1\desktop\juegoyugioh\juegoyugioh\debug\vc120.pdb
c:\users\jonel 1\desktop\juegoyugioh\juegoyugioh\debug\.netframework,version=v4.5.assemblyattributes.obj
c:\users\jonel 1\desktop\juegoyugioh\juegoyugioh\debug\myform.obj
c:\users\jonel 1\desktop\juegoyugioh\juegoyugioh\debug\intro.obj
c:\users\jonel 1\desktop\juegoyugioh\juegoyugioh\debug\juego.obj
c:\users\jonel 1\desktop\juegoyugioh\juegoyugioh\debug\tienda.obj
c:\users\jonel 1\desktop\juegoyugioh\juegoyugioh\debug\duelo.obj
c:\users\jonel 1\desktop\juegoyugioh\juegoyugioh\debug\juegoyugioh.intro.resources
c:\users\jonel 1\desktop\juegoyugioh\juegoyugioh\debug\juegoyugioh.juego.resources
c:\users\jonel 1\desktop\juegoyugioh\juegoyugioh\debug\juegoyugioh.myform.resources
c:\users\jonel 1\desktop\juegoyugioh\juegoyugioh\debug\juegoyugioh.tienda.resources
c:\users\jonel 1\desktop\juegoyugioh\juegoyugioh\debug\juegoyugioh.duelo.resources
c:\users\jonel 1\desktop\juegoyugioh\debug\juegoyugioh.exe
c:\users\jonel 1\desktop\juegoyugioh\debug\juegoyugioh.pdb
c:\users\jonel 1\desktop\juegoyugioh\juegoyugioh\debug\juegoyugioh.vcxproj.generateresource.cache
c:\users\jonel 1\desktop\juegoyugioh\juegoyugioh\debug\juegoyugioh.vcxprojresolveassemblyreference.cache
c:\users\jonel 1\desktop\juegoyugioh\juegoyugioh\debug\juegoyugioh.tlog\cl.command.1.tlog
c:\users\jonel 1\desktop\juegoyugioh\juegoyugioh\debug\juegoyugioh.tlog\cl.read.1.tlog
c:\users\jonel 1\desktop\juegoyugioh\juegoyugioh\debug\juegoyugioh.tlog\cl.write.1.tlog
c:\users\jonel 1\desktop\juegoyugioh\juegoyugioh\debug\juegoyugioh.tlog\juegoyugioh.write.1u.tlog
c:\users\jonel 1\desktop\juegoyugioh\juegoyugioh\debug\juegoyugioh.tlog\link.command.1.tlog
c:\users\jonel 1\desktop\juegoyugioh\juegoyugioh\debug\juegoyugioh.tlog\link.read.1.tlog
c:\users\jonel 1\desktop\juegoyugioh\juegoyugioh\debug\juegoyugioh.tlog\link.write.1.tlog
c:\users\jonel 1\desktop\juegoyugioh\juegoyugioh\debug\juegoyugioh.tlog\metagen.read.1.tlog
c:\users\jonel 1\desktop\juegoyugioh\juegoyugioh\debug\juegoyugioh.tlog\metagen.write.1.tlog
c:\users\jonel 1\desktop\juegoyugioh\juegoyugioh\debug\juegoyugioh.tlog\tzres.dll.bi
